<?xml version="1.0" encoding="UTF-8"?>
<!-- Generated by org.testng.reporters.JUnitXMLReporter -->
<testsuite ignored="0" hostname="DESKTOP-11G3E63" failures="0" tests="39" name="LoginPageandHomepage" time="100.449" errors="0" timestamp="2023-10-09T18:47:31 IST">
  <testcase classname="CommentAppHomeTestpage2.HomapageTest" name="CommentsAppUI" time="0.511"/>
  <testcase classname="JobbyAppTestPage2.HeadersectionTest" name="AppLogodisplayed" time="1.141"/>
  <testcase classname="CommentAppHomeTestpage2.HomapageTest" name="commentcounter" time="1.925"/>
  <testcase classname="JobbyAppTestPage2.HeadersectionTest" name="Navbarjoblink" time="1.209"/>
  <testcase classname="CommentAppHomeTestpage2.HomapageTest" name="Commentsinitial" time="0.746"/>
  <testcase classname="JobbyAppTestPage2.HeadersectionTest" name="ClickingAppLogo" time="1.603"/>
  <testcase classname="CommentAppHomeTestpage2.HomapageTest" name="Commentsinitial" time="0.906"/>
  <testcase classname="JobbyAppTestPage2.HeadersectionTest" name="NavbarlinkHome" time="1.512"/>
  <testcase classname="CommentAppHomeTestpage2.HomapageTest" name="Commentsinitial" time="0.882"/>
  <testcase classname="CommentAppHomeTestpage2.HomapageTest" name="Commentsinitial" time="0.781"/>
  <testcase classname="JobbyAppTestPage2.HeadersectionTest" name="LogoutFuncationality" time="1.17"/>
  <testcase classname="CommentAppHomeTestpage2.HomapageTest" name="Commentsinitial" time="0.46"/>
  <testcase classname="JobbyAppTestPage2.HomePageTest" name="HomeHeading" time="1.264"/>
  <testcase classname="CommentAppHomeTestpage2.HomapageTest" name="Commentorder" time="2.557"/>
  <testcase classname="JobbyAppTestPage2.HomePageTest" name="JobsbuttonFucationality" time="1.129"/>
  <testcase classname="CommentAppHomeTestpage2.HomapageTest" name="Likes" time="2.452"/>
  <testcase classname="EBankAppTestHomapageTest.HomapgeTest2" name="HomepageUi" time="1.051"/>
  <testcase classname="EBankAppTestHomapageTest.HomapgeTest2" name="LogoutFuncationality" time="1.064"/>
  <testcase classname="CommentAppHomeTestpage2.HomapageTest" name="Deletefuncationallity" time="2.453"/>
  <testcase classname="EBankAppTestHomapageTest.HomePageTest1" name="LoginPageUI" time="0.907"/>
  <testcase classname="JobbyAppTestPage2.LoginPageTest2" name="Loginpageurl" time="0.169"/>
  <testcase classname="EBankAppTestHomapageTest.HomePageTest1" name="EmptyInputField" time="0.765"/>
  <testcase classname="JobbyAppTestPage2.LoginPageTest2" name="EmptyInputfield" time="0.69"/>
  <testcase classname="EBankAppTestHomapageTest.HomePageTest1" name="EmptyUserfield" time="0.927"/>
  <testcase classname="JobbyAppTestPage2.LoginPageTest2" name="EmptyUsernamefiel" time="0.914"/>
  <testcase classname="EBankAppTestHomapageTest.HomePageTest1" name="Emptypinfield" time="1.032"/>
  <testcase classname="JobbyAppTestPage2.LoginPageTest2" name="PasswordEmptyfiel" time="0.961"/>
  <testcase classname="EBankAppTestHomapageTest.HomePageTest1" name="Invalidpin" time="1.23"/>
  <testcase classname="JobbyAppTestPage2.LoginPageTest2" name="Invalidcredentail" time="1.127"/>
  <testcase classname="EBankAppTestHomapageTest.HomePageTest1" name="Succesfullylogin" time="1.255"/>
  <testcase classname="JobbyAppTestPage2.LoginPageTest2" name="SUCCESFULLY" time="1.001"/>
  <testcase classname="JobbyAppTestPage2.JobspageTest" name="ProfilecontainerUi" time="1.555"/>
  <testcase classname="JobbyAppTestPage2.JobspageTest" name="SucessfullSearch" time="2.171"/>
  <testcase classname="JobbyAppTestPage2.JobspageTest" name="SucessfullSearch" time="2.244"/>
  <testcase classname="JobbyAppTestPage2.JobspageTest" name="SucessfullSearch" time="2.163"/>
  <testcase classname="JobbyAppTestPage2.JobspageTest" name="SucessfullSearch" time="2.216"/>
  <testcase classname="JobbyAppTestPage2.JobspageTest" name="SucessfullSearch" time="2.151"/>
  <testcase classname="JobbyAppTestPage2.JobspageTest" name="SucessfullSearch" time="2.083"/>
  <testcase classname="JobbyAppTestPage2.JobspageTest" name="UnSuccesfullSearch" time="1.808"/>
</testsuite> <!-- LoginPageandHomepage -->
