<?xml version="1.0" encoding="UTF-8"?>
<testng-results ignored="0" total="39" passed="39" failed="0" skipped="0">
  <reporter-output>
  </reporter-output>
  <suite started-at="2023-10-09T18:45:51 IST" name="PageObjectModelcodingpractice21TestSuite" finished-at="2023-10-09T18:47:31 IST" duration-ms="100449">
    <groups>
    </groups>
    <test started-at="2023-10-09T18:45:51 IST" name="LoginPageandHomepage" finished-at="2023-10-09T18:47:31 IST" duration-ms="100449">
      <class name="EBankAppTestHomapageTest.HomapgeTest2">
        <test-method is-config="true" signature="SetUP()[pri:0, instance:EBankAppTestHomapageTest.HomapgeTest2@6d2a209c]" started-at="2023-10-09T18:46:22 IST" name="SetUP" finished-at="2023-10-09T18:46:25 IST" duration-ms="2922" status="PASS">
          <reporter-output>
          </reporter-output>
        </test-method> <!-- SetUP -->
        <test-method signature="HomepageUi()[pri:1, instance:EBankAppTestHomapageTest.HomapgeTest2@6d2a209c]" started-at="2023-10-09T18:46:25 IST" name="HomepageUi" finished-at="2023-10-09T18:46:26 IST" duration-ms="1051" status="PASS">
          <reporter-output>
          </reporter-output>
        </test-method> <!-- HomepageUi -->
        <test-method is-config="true" signature="CloseBrowser()[pri:0, instance:EBankAppTestHomapageTest.HomapgeTest2@6d2a209c]" started-at="2023-10-09T18:46:26 IST" name="CloseBrowser" finished-at="2023-10-09T18:46:26 IST" duration-ms="253" status="PASS">
          <reporter-output>
          </reporter-output>
        </test-method> <!-- CloseBrowser -->
        <test-method is-config="true" signature="SetUP()[pri:0, instance:EBankAppTestHomapageTest.HomapgeTest2@6d2a209c]" started-at="2023-10-09T18:46:26 IST" name="SetUP" finished-at="2023-10-09T18:46:29 IST" duration-ms="2841" status="PASS">
          <reporter-output>
          </reporter-output>
        </test-method> <!-- SetUP -->
        <test-method signature="LogoutFuncationality()[pri:2, instance:EBankAppTestHomapageTest.HomapgeTest2@6d2a209c]" started-at="2023-10-09T18:46:29 IST" name="LogoutFuncationality" finished-at="2023-10-09T18:46:30 IST" duration-ms="1064" status="PASS">
          <reporter-output>
          </reporter-output>
        </test-method> <!-- LogoutFuncationality -->
        <test-method is-config="true" signature="CloseBrowser()[pri:0, instance:EBankAppTestHomapageTest.HomapgeTest2@6d2a209c]" started-at="2023-10-09T18:46:30 IST" name="CloseBrowser" finished-at="2023-10-09T18:46:30 IST" duration-ms="181" status="PASS">
          <reporter-output>
          </reporter-output>
        </test-method> <!-- CloseBrowser -->
      </class> <!-- EBankAppTestHomapageTest.HomapgeTest2 -->
      <class name="JobbyAppTestPage2.JobspageTest">
        <test-method is-config="true" signature="Openbrowser()[pri:0, instance:JobbyAppTestPage2.JobspageTest@4313f5bc]" started-at="2023-10-09T18:46:54 IST" name="Openbrowser" finished-at="2023-10-09T18:46:56 IST" duration-ms="2843" status="PASS">
          <reporter-output>
          </reporter-output>
        </test-method> <!-- Openbrowser -->
        <test-method signature="ProfilecontainerUi()[pri:1, instance:JobbyAppTestPage2.JobspageTest@4313f5bc]" started-at="2023-10-09T18:46:56 IST" name="ProfilecontainerUi" finished-at="2023-10-09T18:46:58 IST" duration-ms="1555" status="PASS">
          <reporter-output>
          </reporter-output>
        </test-method> <!-- ProfilecontainerUi -->
        <test-method is-config="true" signature="CloseBrowser()[pri:0, instance:JobbyAppTestPage2.JobspageTest@4313f5bc]" started-at="2023-10-09T18:46:58 IST" name="CloseBrowser" finished-at="2023-10-09T18:46:58 IST" duration-ms="222" status="PASS">
          <reporter-output>
          </reporter-output>
        </test-method> <!-- CloseBrowser -->
        <test-method is-config="true" signature="Openbrowser()[pri:0, instance:JobbyAppTestPage2.JobspageTest@4313f5bc]" started-at="2023-10-09T18:46:58 IST" name="Openbrowser" finished-at="2023-10-09T18:47:00 IST" duration-ms="2183" status="PASS">
          <reporter-output>
          </reporter-output>
        </test-method> <!-- Openbrowser -->
        <test-method signature="SucessfullSearch(java.lang.String,java.lang.String)[pri:2, instance:JobbyAppTestPage2.JobspageTest@4313f5bc]" started-at="2023-10-09T18:47:00 IST" name="SucessfullSearch" data-provider="Addlist" finished-at="2023-10-09T18:47:03 IST" duration-ms="2171" status="PASS">
          <params>
            <param index="0">
              <value>
                <![CDATA[Devops Engineer]]>
              </value>
            </param>
            <param index="1">
              <value>
                <![CDATA[9]]>
              </value>
            </param>
          </params>
          <reporter-output>
          </reporter-output>
        </test-method> <!-- SucessfullSearch -->
        <test-method is-config="true" signature="CloseBrowser()[pri:0, instance:JobbyAppTestPage2.JobspageTest@4313f5bc]" started-at="2023-10-09T18:47:03 IST" name="CloseBrowser" finished-at="2023-10-09T18:47:03 IST" duration-ms="185" status="PASS">
          <reporter-output>
          </reporter-output>
        </test-method> <!-- CloseBrowser -->
        <test-method is-config="true" signature="Openbrowser()[pri:0, instance:JobbyAppTestPage2.JobspageTest@4313f5bc]" started-at="2023-10-09T18:47:03 IST" name="Openbrowser" finished-at="2023-10-09T18:47:05 IST" duration-ms="2201" status="PASS">
          <reporter-output>
          </reporter-output>
        </test-method> <!-- Openbrowser -->
        <test-method signature="SucessfullSearch(java.lang.String,java.lang.String)[pri:2, instance:JobbyAppTestPage2.JobspageTest@4313f5bc]" started-at="2023-10-09T18:47:05 IST" name="SucessfullSearch" data-provider="Addlist" finished-at="2023-10-09T18:47:07 IST" duration-ms="2244" status="PASS">
          <params>
            <param index="0">
              <value>
                <![CDATA[Backend Engineer]]>
              </value>
            </param>
            <param index="1">
              <value>
                <![CDATA[11]]>
              </value>
            </param>
          </params>
          <reporter-output>
          </reporter-output>
        </test-method> <!-- SucessfullSearch -->
        <test-method is-config="true" signature="CloseBrowser()[pri:0, instance:JobbyAppTestPage2.JobspageTest@4313f5bc]" started-at="2023-10-09T18:47:07 IST" name="CloseBrowser" finished-at="2023-10-09T18:47:07 IST" duration-ms="230" status="PASS">
          <reporter-output>
          </reporter-output>
        </test-method> <!-- CloseBrowser -->
        <test-method is-config="true" signature="Openbrowser()[pri:0, instance:JobbyAppTestPage2.JobspageTest@4313f5bc]" started-at="2023-10-09T18:47:07 IST" name="Openbrowser" finished-at="2023-10-09T18:47:10 IST" duration-ms="2633" status="PASS">
          <reporter-output>
          </reporter-output>
        </test-method> <!-- Openbrowser -->
        <test-method signature="SucessfullSearch(java.lang.String,java.lang.String)[pri:2, instance:JobbyAppTestPage2.JobspageTest@4313f5bc]" started-at="2023-10-09T18:47:10 IST" name="SucessfullSearch" data-provider="Addlist" finished-at="2023-10-09T18:47:12 IST" duration-ms="2163" status="PASS">
          <params>
            <param index="0">
              <value>
                <![CDATA[Frontend Engineer]]>
              </value>
            </param>
            <param index="1">
              <value>
                <![CDATA[13]]>
              </value>
            </param>
          </params>
          <reporter-output>
          </reporter-output>
        </test-method> <!-- SucessfullSearch -->
        <test-method is-config="true" signature="CloseBrowser()[pri:0, instance:JobbyAppTestPage2.JobspageTest@4313f5bc]" started-at="2023-10-09T18:47:12 IST" name="CloseBrowser" finished-at="2023-10-09T18:47:12 IST" duration-ms="184" status="PASS">
          <reporter-output>
          </reporter-output>
        </test-method> <!-- CloseBrowser -->
        <test-method is-config="true" signature="Openbrowser()[pri:0, instance:JobbyAppTestPage2.JobspageTest@4313f5bc]" started-at="2023-10-09T18:47:12 IST" name="Openbrowser" finished-at="2023-10-09T18:47:15 IST" duration-ms="2278" status="PASS">
          <reporter-output>
          </reporter-output>
        </test-method> <!-- Openbrowser -->
        <test-method signature="SucessfullSearch(java.lang.String,java.lang.String)[pri:2, instance:JobbyAppTestPage2.JobspageTest@4313f5bc]" started-at="2023-10-09T18:47:15 IST" name="SucessfullSearch" data-provider="Addlist" finished-at="2023-10-09T18:47:17 IST" duration-ms="2216" status="PASS">
          <params>
            <param index="0">
              <value>
                <![CDATA[Fullstack Developer]]>
              </value>
            </param>
            <param index="1">
              <value>
                <![CDATA[6]]>
              </value>
            </param>
          </params>
          <reporter-output>
          </reporter-output>
        </test-method> <!-- SucessfullSearch -->
        <test-method is-config="true" signature="CloseBrowser()[pri:0, instance:JobbyAppTestPage2.JobspageTest@4313f5bc]" started-at="2023-10-09T18:47:17 IST" name="CloseBrowser" finished-at="2023-10-09T18:47:17 IST" duration-ms="218" status="PASS">
          <reporter-output>
          </reporter-output>
        </test-method> <!-- CloseBrowser -->
        <test-method is-config="true" signature="Openbrowser()[pri:0, instance:JobbyAppTestPage2.JobspageTest@4313f5bc]" started-at="2023-10-09T18:47:17 IST" name="Openbrowser" finished-at="2023-10-09T18:47:19 IST" duration-ms="2188" status="PASS">
          <reporter-output>
          </reporter-output>
        </test-method> <!-- Openbrowser -->
        <test-method signature="SucessfullSearch(java.lang.String,java.lang.String)[pri:2, instance:JobbyAppTestPage2.JobspageTest@4313f5bc]" started-at="2023-10-09T18:47:19 IST" name="SucessfullSearch" data-provider="Addlist" finished-at="2023-10-09T18:47:21 IST" duration-ms="2151" status="PASS">
          <params>
            <param index="0">
              <value>
                <![CDATA[Data Scientist]]>
              </value>
            </param>
            <param index="1">
              <value>
                <![CDATA[11]]>
              </value>
            </param>
          </params>
          <reporter-output>
          </reporter-output>
        </test-method> <!-- SucessfullSearch -->
        <test-method is-config="true" signature="CloseBrowser()[pri:0, instance:JobbyAppTestPage2.JobspageTest@4313f5bc]" started-at="2023-10-09T18:47:21 IST" name="CloseBrowser" finished-at="2023-10-09T18:47:22 IST" duration-ms="263" status="PASS">
          <reporter-output>
          </reporter-output>
        </test-method> <!-- CloseBrowser -->
        <test-method is-config="true" signature="Openbrowser()[pri:0, instance:JobbyAppTestPage2.JobspageTest@4313f5bc]" started-at="2023-10-09T18:47:22 IST" name="Openbrowser" finished-at="2023-10-09T18:47:25 IST" duration-ms="3306" status="PASS">
          <reporter-output>
          </reporter-output>
        </test-method> <!-- Openbrowser -->
        <test-method signature="SucessfullSearch(java.lang.String,java.lang.String)[pri:2, instance:JobbyAppTestPage2.JobspageTest@4313f5bc]" started-at="2023-10-09T18:47:25 IST" name="SucessfullSearch" data-provider="Addlist" finished-at="2023-10-09T18:47:27 IST" duration-ms="2083" status="PASS">
          <params>
            <param index="0">
              <value>
                <![CDATA[ML Engineer]]>
              </value>
            </param>
            <param index="1">
              <value>
                <![CDATA[10]]>
              </value>
            </param>
          </params>
          <reporter-output>
          </reporter-output>
        </test-method> <!-- SucessfullSearch -->
        <test-method is-config="true" signature="CloseBrowser()[pri:0, instance:JobbyAppTestPage2.JobspageTest@4313f5bc]" started-at="2023-10-09T18:47:27 IST" name="CloseBrowser" finished-at="2023-10-09T18:47:27 IST" duration-ms="194" status="PASS">
          <reporter-output>
          </reporter-output>
        </test-method> <!-- CloseBrowser -->
        <test-method is-config="true" signature="Openbrowser()[pri:0, instance:JobbyAppTestPage2.JobspageTest@4313f5bc]" started-at="2023-10-09T18:47:27 IST" name="Openbrowser" finished-at="2023-10-09T18:47:29 IST" duration-ms="2111" status="PASS">
          <reporter-output>
          </reporter-output>
        </test-method> <!-- Openbrowser -->
        <test-method signature="UnSuccesfullSearch()[pri:3, instance:JobbyAppTestPage2.JobspageTest@4313f5bc]" started-at="2023-10-09T18:47:29 IST" name="UnSuccesfullSearch" finished-at="2023-10-09T18:47:31 IST" duration-ms="1808" status="PASS">
          <reporter-output>
          </reporter-output>
        </test-method> <!-- UnSuccesfullSearch -->
        <test-method is-config="true" signature="CloseBrowser()[pri:0, instance:JobbyAppTestPage2.JobspageTest@4313f5bc]" started-at="2023-10-09T18:47:31 IST" name="CloseBrowser" finished-at="2023-10-09T18:47:31 IST" duration-ms="194" status="PASS">
          <reporter-output>
          </reporter-output>
        </test-method> <!-- CloseBrowser -->
      </class> <!-- JobbyAppTestPage2.JobspageTest -->
      <class name="JobbyAppTestPage2.HeadersectionTest">
        <test-method is-config="true" signature="OpenBrowser()[pri:0, instance:JobbyAppTestPage2.HeadersectionTest@75329a49]" started-at="2023-10-09T18:45:51 IST" name="OpenBrowser" finished-at="2023-10-09T18:45:55 IST" duration-ms="4277" status="PASS">
          <reporter-output>
          </reporter-output>
        </test-method> <!-- OpenBrowser -->
        <test-method signature="AppLogodisplayed()[pri:1, instance:JobbyAppTestPage2.HeadersectionTest@75329a49]" started-at="2023-10-09T18:45:55 IST" name="AppLogodisplayed" finished-at="2023-10-09T18:45:57 IST" duration-ms="1141" status="PASS">
          <reporter-output>
          </reporter-output>
        </test-method> <!-- AppLogodisplayed -->
        <test-method is-config="true" signature="CloseBrowser()[pri:0, instance:JobbyAppTestPage2.HeadersectionTest@75329a49]" started-at="2023-10-09T18:45:57 IST" name="CloseBrowser" finished-at="2023-10-09T18:45:57 IST" duration-ms="260" status="PASS">
          <reporter-output>
          </reporter-output>
        </test-method> <!-- CloseBrowser -->
        <test-method is-config="true" signature="OpenBrowser()[pri:0, instance:JobbyAppTestPage2.HeadersectionTest@75329a49]" started-at="2023-10-09T18:45:57 IST" name="OpenBrowser" finished-at="2023-10-09T18:45:59 IST" duration-ms="2613" status="PASS">
          <reporter-output>
          </reporter-output>
        </test-method> <!-- OpenBrowser -->
        <test-method signature="Navbarjoblink()[pri:2, instance:JobbyAppTestPage2.HeadersectionTest@75329a49]" started-at="2023-10-09T18:45:59 IST" name="Navbarjoblink" finished-at="2023-10-09T18:46:01 IST" duration-ms="1209" status="PASS">
          <reporter-output>
          </reporter-output>
        </test-method> <!-- Navbarjoblink -->
        <test-method is-config="true" signature="CloseBrowser()[pri:0, instance:JobbyAppTestPage2.HeadersectionTest@75329a49]" started-at="2023-10-09T18:46:01 IST" name="CloseBrowser" finished-at="2023-10-09T18:46:01 IST" duration-ms="227" status="PASS">
          <reporter-output>
          </reporter-output>
        </test-method> <!-- CloseBrowser -->
        <test-method is-config="true" signature="OpenBrowser()[pri:0, instance:JobbyAppTestPage2.HeadersectionTest@75329a49]" started-at="2023-10-09T18:46:01 IST" name="OpenBrowser" finished-at="2023-10-09T18:46:03 IST" duration-ms="2557" status="PASS">
          <reporter-output>
          </reporter-output>
        </test-method> <!-- OpenBrowser -->
        <test-method signature="ClickingAppLogo()[pri:3, instance:JobbyAppTestPage2.HeadersectionTest@75329a49]" started-at="2023-10-09T18:46:03 IST" name="ClickingAppLogo" finished-at="2023-10-09T18:46:05 IST" duration-ms="1603" status="PASS">
          <reporter-output>
          </reporter-output>
        </test-method> <!-- ClickingAppLogo -->
        <test-method is-config="true" signature="CloseBrowser()[pri:0, instance:JobbyAppTestPage2.HeadersectionTest@75329a49]" started-at="2023-10-09T18:46:05 IST" name="CloseBrowser" finished-at="2023-10-09T18:46:05 IST" duration-ms="310" status="PASS">
          <reporter-output>
          </reporter-output>
        </test-method> <!-- CloseBrowser -->
        <test-method is-config="true" signature="OpenBrowser()[pri:0, instance:JobbyAppTestPage2.HeadersectionTest@75329a49]" started-at="2023-10-09T18:46:05 IST" name="OpenBrowser" finished-at="2023-10-09T18:46:08 IST" duration-ms="2628" status="PASS">
          <reporter-output>
          </reporter-output>
        </test-method> <!-- OpenBrowser -->
        <test-method signature="NavbarlinkHome()[pri:4, instance:JobbyAppTestPage2.HeadersectionTest@75329a49]" started-at="2023-10-09T18:46:08 IST" name="NavbarlinkHome" finished-at="2023-10-09T18:46:09 IST" duration-ms="1512" status="PASS">
          <reporter-output>
          </reporter-output>
        </test-method> <!-- NavbarlinkHome -->
        <test-method is-config="true" signature="CloseBrowser()[pri:0, instance:JobbyAppTestPage2.HeadersectionTest@75329a49]" started-at="2023-10-09T18:46:09 IST" name="CloseBrowser" finished-at="2023-10-09T18:46:10 IST" duration-ms="178" status="PASS">
          <reporter-output>
          </reporter-output>
        </test-method> <!-- CloseBrowser -->
        <test-method is-config="true" signature="OpenBrowser()[pri:0, instance:JobbyAppTestPage2.HeadersectionTest@75329a49]" started-at="2023-10-09T18:46:10 IST" name="OpenBrowser" finished-at="2023-10-09T18:46:12 IST" duration-ms="2613" status="PASS">
          <reporter-output>
          </reporter-output>
        </test-method> <!-- OpenBrowser -->
        <test-method signature="LogoutFuncationality()[pri:5, instance:JobbyAppTestPage2.HeadersectionTest@75329a49]" started-at="2023-10-09T18:46:12 IST" name="LogoutFuncationality" finished-at="2023-10-09T18:46:13 IST" duration-ms="1170" status="PASS">
          <reporter-output>
          </reporter-output>
        </test-method> <!-- LogoutFuncationality -->
        <test-method is-config="true" signature="CloseBrowser()[pri:0, instance:JobbyAppTestPage2.HeadersectionTest@75329a49]" started-at="2023-10-09T18:46:13 IST" name="CloseBrowser" finished-at="2023-10-09T18:46:14 IST" duration-ms="266" status="PASS">
          <reporter-output>
          </reporter-output>
        </test-method> <!-- CloseBrowser -->
      </class> <!-- JobbyAppTestPage2.HeadersectionTest -->
      <class name="CommentAppHomeTestpage2.HomapageTest">
        <test-method is-config="true" signature="SetUp()[pri:0, instance:CommentAppHomeTestpage2.HomapageTest@2f177a4b]" started-at="2023-10-09T18:45:51 IST" name="SetUp" finished-at="2023-10-09T18:45:55 IST" duration-ms="4047" status="PASS">
          <reporter-output>
          </reporter-output>
        </test-method> <!-- SetUp -->
        <test-method signature="CommentsAppUI()[pri:1, instance:CommentAppHomeTestpage2.HomapageTest@2f177a4b]" started-at="2023-10-09T18:45:55 IST" name="CommentsAppUI" finished-at="2023-10-09T18:45:56 IST" duration-ms="511" status="PASS">
          <reporter-output>
          </reporter-output>
        </test-method> <!-- CommentsAppUI -->
        <test-method is-config="true" signature="Closebrowser()[pri:0, instance:CommentAppHomeTestpage2.HomapageTest@2f177a4b]" started-at="2023-10-09T18:45:56 IST" name="Closebrowser" finished-at="2023-10-09T18:45:56 IST" duration-ms="211" status="PASS">
          <reporter-output>
          </reporter-output>
        </test-method> <!-- Closebrowser -->
        <test-method is-config="true" signature="SetUp()[pri:0, instance:CommentAppHomeTestpage2.HomapageTest@2f177a4b]" started-at="2023-10-09T18:45:56 IST" name="SetUp" finished-at="2023-10-09T18:45:58 IST" duration-ms="2315" status="PASS">
          <reporter-output>
          </reporter-output>
        </test-method> <!-- SetUp -->
        <test-method signature="commentcounter()[pri:2, instance:CommentAppHomeTestpage2.HomapageTest@2f177a4b]" started-at="2023-10-09T18:45:58 IST" name="commentcounter" finished-at="2023-10-09T18:46:00 IST" duration-ms="1925" status="PASS">
          <reporter-output>
          </reporter-output>
        </test-method> <!-- commentcounter -->
        <test-method is-config="true" signature="Closebrowser()[pri:0, instance:CommentAppHomeTestpage2.HomapageTest@2f177a4b]" started-at="2023-10-09T18:46:00 IST" name="Closebrowser" finished-at="2023-10-09T18:46:00 IST" duration-ms="205" status="PASS">
          <reporter-output>
          </reporter-output>
        </test-method> <!-- Closebrowser -->
        <test-method is-config="true" signature="SetUp()[pri:0, instance:CommentAppHomeTestpage2.HomapageTest@2f177a4b]" started-at="2023-10-09T18:46:00 IST" name="SetUp" finished-at="2023-10-09T18:46:03 IST" duration-ms="2457" status="PASS">
          <reporter-output>
          </reporter-output>
        </test-method> <!-- SetUp -->
        <test-method signature="Commentsinitial(java.lang.String,java.lang.String)[pri:3, instance:CommentAppHomeTestpage2.HomapageTest@2f177a4b]" started-at="2023-10-09T18:46:03 IST" name="Commentsinitial" data-provider="addcomments" finished-at="2023-10-09T18:46:04 IST" duration-ms="746" status="PASS">
          <params>
            <param index="0">
              <value>
                <![CDATA[John]]>
              </value>
            </param>
            <param index="1">
              <value>
                <![CDATA[Innovative and interconnected systems.]]>
              </value>
            </param>
          </params>
          <reporter-output>
          </reporter-output>
        </test-method> <!-- Commentsinitial -->
        <test-method is-config="true" signature="Closebrowser()[pri:0, instance:CommentAppHomeTestpage2.HomapageTest@2f177a4b]" started-at="2023-10-09T18:46:04 IST" name="Closebrowser" finished-at="2023-10-09T18:46:04 IST" duration-ms="200" status="PASS">
          <reporter-output>
          </reporter-output>
        </test-method> <!-- Closebrowser -->
        <test-method is-config="true" signature="SetUp()[pri:0, instance:CommentAppHomeTestpage2.HomapageTest@2f177a4b]" started-at="2023-10-09T18:46:04 IST" name="SetUp" finished-at="2023-10-09T18:46:06 IST" duration-ms="2159" status="PASS">
          <reporter-output>
          </reporter-output>
        </test-method> <!-- SetUp -->
        <test-method signature="Commentsinitial(java.lang.String,java.lang.String)[pri:3, instance:CommentAppHomeTestpage2.HomapageTest@2f177a4b]" started-at="2023-10-09T18:46:06 IST" name="Commentsinitial" data-provider="addcomments" finished-at="2023-10-09T18:46:07 IST" duration-ms="906" status="PASS">
          <params>
            <param index="0">
              <value>
                <![CDATA[Alice]]>
              </value>
            </param>
            <param index="1">
              <value>
                <![CDATA[Smart factories, improved efficiency.]]>
              </value>
            </param>
          </params>
          <reporter-output>
          </reporter-output>
        </test-method> <!-- Commentsinitial -->
        <test-method is-config="true" signature="Closebrowser()[pri:0, instance:CommentAppHomeTestpage2.HomapageTest@2f177a4b]" started-at="2023-10-09T18:46:07 IST" name="Closebrowser" finished-at="2023-10-09T18:46:07 IST" duration-ms="224" status="PASS">
          <reporter-output>
          </reporter-output>
        </test-method> <!-- Closebrowser -->
        <test-method is-config="true" signature="SetUp()[pri:0, instance:CommentAppHomeTestpage2.HomapageTest@2f177a4b]" started-at="2023-10-09T18:46:07 IST" name="SetUp" finished-at="2023-10-09T18:46:09 IST" duration-ms="1855" status="PASS">
          <reporter-output>
          </reporter-output>
        </test-method> <!-- SetUp -->
        <test-method signature="Commentsinitial(java.lang.String,java.lang.String)[pri:3, instance:CommentAppHomeTestpage2.HomapageTest@2f177a4b]" started-at="2023-10-09T18:46:09 IST" name="Commentsinitial" data-provider="addcomments" finished-at="2023-10-09T18:46:10 IST" duration-ms="882" status="PASS">
          <params>
            <param index="0">
              <value>
                <![CDATA[Robert]]>
              </value>
            </param>
            <param index="1">
              <value>
                <![CDATA[AI-powered automation, limitless potential.]]>
              </value>
            </param>
          </params>
          <reporter-output>
          </reporter-output>
        </test-method> <!-- Commentsinitial -->
        <test-method is-config="true" signature="Closebrowser()[pri:0, instance:CommentAppHomeTestpage2.HomapageTest@2f177a4b]" started-at="2023-10-09T18:46:10 IST" name="Closebrowser" finished-at="2023-10-09T18:46:10 IST" duration-ms="230" status="PASS">
          <reporter-output>
          </reporter-output>
        </test-method> <!-- Closebrowser -->
        <test-method is-config="true" signature="SetUp()[pri:0, instance:CommentAppHomeTestpage2.HomapageTest@2f177a4b]" started-at="2023-10-09T18:46:10 IST" name="SetUp" finished-at="2023-10-09T18:46:12 IST" duration-ms="2021" status="PASS">
          <reporter-output>
          </reporter-output>
        </test-method> <!-- SetUp -->
        <test-method signature="Commentsinitial(java.lang.String,java.lang.String)[pri:3, instance:CommentAppHomeTestpage2.HomapageTest@2f177a4b]" started-at="2023-10-09T18:46:12 IST" name="Commentsinitial" data-provider="addcomments" finished-at="2023-10-09T18:46:13 IST" duration-ms="781" status="PASS">
          <params>
            <param index="0">
              <value>
                <![CDATA[Harry]]>
              </value>
            </param>
            <param index="1">
              <value>
                <![CDATA[Data-driven decision-making, game-changer.]]>
              </value>
            </param>
          </params>
          <reporter-output>
          </reporter-output>
        </test-method> <!-- Commentsinitial -->
        <test-method is-config="true" signature="Closebrowser()[pri:0, instance:CommentAppHomeTestpage2.HomapageTest@2f177a4b]" started-at="2023-10-09T18:46:13 IST" name="Closebrowser" finished-at="2023-10-09T18:46:13 IST" duration-ms="182" status="PASS">
          <reporter-output>
          </reporter-output>
        </test-method> <!-- Closebrowser -->
        <test-method is-config="true" signature="SetUp()[pri:0, instance:CommentAppHomeTestpage2.HomapageTest@2f177a4b]" started-at="2023-10-09T18:46:13 IST" name="SetUp" finished-at="2023-10-09T18:46:15 IST" duration-ms="2259" status="PASS">
          <reporter-output>
          </reporter-output>
        </test-method> <!-- SetUp -->
        <test-method signature="Commentsinitial(java.lang.String,java.lang.String)[pri:3, instance:CommentAppHomeTestpage2.HomapageTest@2f177a4b]" started-at="2023-10-09T18:46:15 IST" name="Commentsinitial" data-provider="addcomments" finished-at="2023-10-09T18:46:16 IST" duration-ms="460" status="PASS">
          <params>
            <param index="0">
              <value>
                <![CDATA[Bob]]>
              </value>
            </param>
            <param index="1">
              <value>
                <![CDATA[IoT revolutionizing daily life.]]>
              </value>
            </param>
          </params>
          <reporter-output>
          </reporter-output>
        </test-method> <!-- Commentsinitial -->
        <test-method is-config="true" signature="Closebrowser()[pri:0, instance:CommentAppHomeTestpage2.HomapageTest@2f177a4b]" started-at="2023-10-09T18:46:16 IST" name="Closebrowser" finished-at="2023-10-09T18:46:16 IST" duration-ms="213" status="PASS">
          <reporter-output>
          </reporter-output>
        </test-method> <!-- Closebrowser -->
        <test-method is-config="true" signature="SetUp()[pri:0, instance:CommentAppHomeTestpage2.HomapageTest@2f177a4b]" started-at="2023-10-09T18:46:16 IST" name="SetUp" finished-at="2023-10-09T18:46:18 IST" duration-ms="1985" status="PASS">
          <reporter-output>
          </reporter-output>
        </test-method> <!-- SetUp -->
        <test-method signature="Commentorder()[pri:4, instance:CommentAppHomeTestpage2.HomapageTest@2f177a4b]" started-at="2023-10-09T18:46:18 IST" name="Commentorder" finished-at="2023-10-09T18:46:20 IST" duration-ms="2557" status="PASS">
          <reporter-output>
          </reporter-output>
        </test-method> <!-- Commentorder -->
        <test-method is-config="true" signature="Closebrowser()[pri:0, instance:CommentAppHomeTestpage2.HomapageTest@2f177a4b]" started-at="2023-10-09T18:46:20 IST" name="Closebrowser" finished-at="2023-10-09T18:46:21 IST" duration-ms="115" status="PASS">
          <reporter-output>
          </reporter-output>
        </test-method> <!-- Closebrowser -->
        <test-method is-config="true" signature="SetUp()[pri:0, instance:CommentAppHomeTestpage2.HomapageTest@2f177a4b]" started-at="2023-10-09T18:46:21 IST" name="SetUp" finished-at="2023-10-09T18:46:23 IST" duration-ms="2440" status="PASS">
          <reporter-output>
          </reporter-output>
        </test-method> <!-- SetUp -->
        <test-method signature="Likes()[pri:5, instance:CommentAppHomeTestpage2.HomapageTest@2f177a4b]" started-at="2023-10-09T18:46:23 IST" name="Likes" finished-at="2023-10-09T18:46:25 IST" duration-ms="2452" status="PASS">
          <reporter-output>
          </reporter-output>
        </test-method> <!-- Likes -->
        <test-method is-config="true" signature="Closebrowser()[pri:0, instance:CommentAppHomeTestpage2.HomapageTest@2f177a4b]" started-at="2023-10-09T18:46:25 IST" name="Closebrowser" finished-at="2023-10-09T18:46:26 IST" duration-ms="125" status="PASS">
          <reporter-output>
          </reporter-output>
        </test-method> <!-- Closebrowser -->
        <test-method is-config="true" signature="SetUp()[pri:0, instance:CommentAppHomeTestpage2.HomapageTest@2f177a4b]" started-at="2023-10-09T18:46:26 IST" name="SetUp" finished-at="2023-10-09T18:46:28 IST" duration-ms="2388" status="PASS">
          <reporter-output>
          </reporter-output>
        </test-method> <!-- SetUp -->
        <test-method signature="Deletefuncationallity()[pri:6, instance:CommentAppHomeTestpage2.HomapageTest@2f177a4b]" started-at="2023-10-09T18:46:28 IST" name="Deletefuncationallity" finished-at="2023-10-09T18:46:30 IST" duration-ms="2453" status="PASS">
          <reporter-output>
          </reporter-output>
        </test-method> <!-- Deletefuncationallity -->
        <test-method is-config="true" signature="Closebrowser()[pri:0, instance:CommentAppHomeTestpage2.HomapageTest@2f177a4b]" started-at="2023-10-09T18:46:30 IST" name="Closebrowser" finished-at="2023-10-09T18:46:31 IST" duration-ms="190" status="PASS">
          <reporter-output>
          </reporter-output>
        </test-method> <!-- Closebrowser -->
      </class> <!-- CommentAppHomeTestpage2.HomapageTest -->
      <class name="EBankAppTestHomapageTest.HomePageTest1">
        <test-method is-config="true" signature="SetUp()[pri:0, instance:EBankAppTestHomapageTest.HomePageTest1@5e316c74]" started-at="2023-10-09T18:46:30 IST" name="SetUp" finished-at="2023-10-09T18:46:33 IST" duration-ms="2565" status="PASS">
          <reporter-output>
          </reporter-output>
        </test-method> <!-- SetUp -->
        <test-method signature="LoginPageUI()[pri:1, instance:EBankAppTestHomapageTest.HomePageTest1@5e316c74]" started-at="2023-10-09T18:46:33 IST" name="LoginPageUI" finished-at="2023-10-09T18:46:33 IST" duration-ms="907" status="PASS">
          <reporter-output>
          </reporter-output>
        </test-method> <!-- LoginPageUI -->
        <test-method is-config="true" signature="Closebrowser()[pri:0, instance:EBankAppTestHomapageTest.HomePageTest1@5e316c74]" started-at="2023-10-09T18:46:33 IST" name="Closebrowser" finished-at="2023-10-09T18:46:34 IST" duration-ms="231" status="PASS">
          <reporter-output>
          </reporter-output>
        </test-method> <!-- Closebrowser -->
        <test-method is-config="true" signature="SetUp()[pri:0, instance:EBankAppTestHomapageTest.HomePageTest1@5e316c74]" started-at="2023-10-09T18:46:34 IST" name="SetUp" finished-at="2023-10-09T18:46:36 IST" duration-ms="2742" status="PASS">
          <reporter-output>
          </reporter-output>
        </test-method> <!-- SetUp -->
        <test-method signature="EmptyInputField()[pri:2, instance:EBankAppTestHomapageTest.HomePageTest1@5e316c74]" started-at="2023-10-09T18:46:36 IST" name="EmptyInputField" finished-at="2023-10-09T18:46:37 IST" duration-ms="765" status="PASS">
          <reporter-output>
          </reporter-output>
        </test-method> <!-- EmptyInputField -->
        <test-method is-config="true" signature="Closebrowser()[pri:0, instance:EBankAppTestHomapageTest.HomePageTest1@5e316c74]" started-at="2023-10-09T18:46:37 IST" name="Closebrowser" finished-at="2023-10-09T18:46:37 IST" duration-ms="188" status="PASS">
          <reporter-output>
          </reporter-output>
        </test-method> <!-- Closebrowser -->
        <test-method is-config="true" signature="SetUp()[pri:0, instance:EBankAppTestHomapageTest.HomePageTest1@5e316c74]" started-at="2023-10-09T18:46:37 IST" name="SetUp" finished-at="2023-10-09T18:46:40 IST" duration-ms="2736" status="PASS">
          <reporter-output>
          </reporter-output>
        </test-method> <!-- SetUp -->
        <test-method signature="EmptyUserfield()[pri:3, instance:EBankAppTestHomapageTest.HomePageTest1@5e316c74]" started-at="2023-10-09T18:46:40 IST" name="EmptyUserfield" finished-at="2023-10-09T18:46:41 IST" duration-ms="927" status="PASS">
          <reporter-output>
          </reporter-output>
        </test-method> <!-- EmptyUserfield -->
        <test-method is-config="true" signature="Closebrowser()[pri:0, instance:EBankAppTestHomapageTest.HomePageTest1@5e316c74]" started-at="2023-10-09T18:46:41 IST" name="Closebrowser" finished-at="2023-10-09T18:46:41 IST" duration-ms="176" status="PASS">
          <reporter-output>
          </reporter-output>
        </test-method> <!-- Closebrowser -->
        <test-method is-config="true" signature="SetUp()[pri:0, instance:EBankAppTestHomapageTest.HomePageTest1@5e316c74]" started-at="2023-10-09T18:46:41 IST" name="SetUp" finished-at="2023-10-09T18:46:44 IST" duration-ms="2655" status="PASS">
          <reporter-output>
          </reporter-output>
        </test-method> <!-- SetUp -->
        <test-method signature="Emptypinfield()[pri:4, instance:EBankAppTestHomapageTest.HomePageTest1@5e316c74]" started-at="2023-10-09T18:46:44 IST" name="Emptypinfield" finished-at="2023-10-09T18:46:45 IST" duration-ms="1032" status="PASS">
          <reporter-output>
          </reporter-output>
        </test-method> <!-- Emptypinfield -->
        <test-method is-config="true" signature="Closebrowser()[pri:0, instance:EBankAppTestHomapageTest.HomePageTest1@5e316c74]" started-at="2023-10-09T18:46:45 IST" name="Closebrowser" finished-at="2023-10-09T18:46:45 IST" duration-ms="258" status="PASS">
          <reporter-output>
          </reporter-output>
        </test-method> <!-- Closebrowser -->
        <test-method is-config="true" signature="SetUp()[pri:0, instance:EBankAppTestHomapageTest.HomePageTest1@5e316c74]" started-at="2023-10-09T18:46:45 IST" name="SetUp" finished-at="2023-10-09T18:46:48 IST" duration-ms="2720" status="PASS">
          <reporter-output>
          </reporter-output>
        </test-method> <!-- SetUp -->
        <test-method signature="Invalidpin()[pri:5, instance:EBankAppTestHomapageTest.HomePageTest1@5e316c74]" started-at="2023-10-09T18:46:48 IST" name="Invalidpin" finished-at="2023-10-09T18:46:49 IST" duration-ms="1230" status="PASS">
          <reporter-output>
          </reporter-output>
        </test-method> <!-- Invalidpin -->
        <test-method is-config="true" signature="Closebrowser()[pri:0, instance:EBankAppTestHomapageTest.HomePageTest1@5e316c74]" started-at="2023-10-09T18:46:49 IST" name="Closebrowser" finished-at="2023-10-09T18:46:49 IST" duration-ms="257" status="PASS">
          <reporter-output>
          </reporter-output>
        </test-method> <!-- Closebrowser -->
        <test-method is-config="true" signature="SetUp()[pri:0, instance:EBankAppTestHomapageTest.HomePageTest1@5e316c74]" started-at="2023-10-09T18:46:49 IST" name="SetUp" finished-at="2023-10-09T18:46:52 IST" duration-ms="2657" status="PASS">
          <reporter-output>
          </reporter-output>
        </test-method> <!-- SetUp -->
        <test-method signature="Succesfullylogin()[pri:6, instance:EBankAppTestHomapageTest.HomePageTest1@5e316c74]" started-at="2023-10-09T18:46:52 IST" name="Succesfullylogin" finished-at="2023-10-09T18:46:53 IST" duration-ms="1255" status="PASS">
          <reporter-output>
          </reporter-output>
        </test-method> <!-- Succesfullylogin -->
        <test-method is-config="true" signature="Closebrowser()[pri:0, instance:EBankAppTestHomapageTest.HomePageTest1@5e316c74]" started-at="2023-10-09T18:46:53 IST" name="Closebrowser" finished-at="2023-10-09T18:46:54 IST" duration-ms="313" status="PASS">
          <reporter-output>
          </reporter-output>
        </test-method> <!-- Closebrowser -->
      </class> <!-- EBankAppTestHomapageTest.HomePageTest1 -->
      <class name="JobbyAppTestPage2.LoginPageTest2">
        <test-method is-config="true" signature="SetUp()[pri:0, instance:JobbyAppTestPage2.LoginPageTest2@7f010382]" started-at="2023-10-09T18:46:31 IST" name="SetUp" finished-at="2023-10-09T18:46:34 IST" duration-ms="2975" status="PASS">
          <reporter-output>
          </reporter-output>
        </test-method> <!-- SetUp -->
        <test-method signature="Loginpageurl()[pri:1, instance:JobbyAppTestPage2.LoginPageTest2@7f010382]" started-at="2023-10-09T18:46:34 IST" name="Loginpageurl" finished-at="2023-10-09T18:46:34 IST" duration-ms="169" status="PASS">
          <reporter-output>
          </reporter-output>
        </test-method> <!-- Loginpageurl -->
        <test-method is-config="true" signature="Closebrowser()[pri:0, instance:JobbyAppTestPage2.LoginPageTest2@7f010382]" started-at="2023-10-09T18:46:34 IST" name="Closebrowser" finished-at="2023-10-09T18:46:34 IST" duration-ms="242" status="PASS">
          <reporter-output>
          </reporter-output>
        </test-method> <!-- Closebrowser -->
        <test-method is-config="true" signature="SetUp()[pri:0, instance:JobbyAppTestPage2.LoginPageTest2@7f010382]" started-at="2023-10-09T18:46:34 IST" name="SetUp" finished-at="2023-10-09T18:46:37 IST" duration-ms="2958" status="PASS">
          <reporter-output>
          </reporter-output>
        </test-method> <!-- SetUp -->
        <test-method signature="EmptyInputfield()[pri:2, instance:JobbyAppTestPage2.LoginPageTest2@7f010382]" started-at="2023-10-09T18:46:37 IST" name="EmptyInputfield" finished-at="2023-10-09T18:46:38 IST" duration-ms="690" status="PASS">
          <reporter-output>
          </reporter-output>
        </test-method> <!-- EmptyInputfield -->
        <test-method is-config="true" signature="Closebrowser()[pri:0, instance:JobbyAppTestPage2.LoginPageTest2@7f010382]" started-at="2023-10-09T18:46:38 IST" name="Closebrowser" finished-at="2023-10-09T18:46:38 IST" duration-ms="242" status="PASS">
          <reporter-output>
          </reporter-output>
        </test-method> <!-- Closebrowser -->
        <test-method is-config="true" signature="SetUp()[pri:0, instance:JobbyAppTestPage2.LoginPageTest2@7f010382]" started-at="2023-10-09T18:46:38 IST" name="SetUp" finished-at="2023-10-09T18:46:41 IST" duration-ms="2837" status="PASS">
          <reporter-output>
          </reporter-output>
        </test-method> <!-- SetUp -->
        <test-method signature="EmptyUsernamefiel()[pri:3, instance:JobbyAppTestPage2.LoginPageTest2@7f010382]" started-at="2023-10-09T18:46:41 IST" name="EmptyUsernamefiel" finished-at="2023-10-09T18:46:42 IST" duration-ms="914" status="PASS">
          <reporter-output>
          </reporter-output>
        </test-method> <!-- EmptyUsernamefiel -->
        <test-method is-config="true" signature="Closebrowser()[pri:0, instance:JobbyAppTestPage2.LoginPageTest2@7f010382]" started-at="2023-10-09T18:46:42 IST" name="Closebrowser" finished-at="2023-10-09T18:46:42 IST" duration-ms="260" status="PASS">
          <reporter-output>
          </reporter-output>
        </test-method> <!-- Closebrowser -->
        <test-method is-config="true" signature="SetUp()[pri:0, instance:JobbyAppTestPage2.LoginPageTest2@7f010382]" started-at="2023-10-09T18:46:42 IST" name="SetUp" finished-at="2023-10-09T18:46:45 IST" duration-ms="2983" status="PASS">
          <reporter-output>
          </reporter-output>
        </test-method> <!-- SetUp -->
        <test-method signature="PasswordEmptyfiel()[pri:4, instance:JobbyAppTestPage2.LoginPageTest2@7f010382]" started-at="2023-10-09T18:46:45 IST" name="PasswordEmptyfiel" finished-at="2023-10-09T18:46:46 IST" duration-ms="961" status="PASS">
          <reporter-output>
          </reporter-output>
        </test-method> <!-- PasswordEmptyfiel -->
        <test-method is-config="true" signature="Closebrowser()[pri:0, instance:JobbyAppTestPage2.LoginPageTest2@7f010382]" started-at="2023-10-09T18:46:46 IST" name="Closebrowser" finished-at="2023-10-09T18:46:46 IST" duration-ms="515" status="PASS">
          <reporter-output>
          </reporter-output>
        </test-method> <!-- Closebrowser -->
        <test-method is-config="true" signature="SetUp()[pri:0, instance:JobbyAppTestPage2.LoginPageTest2@7f010382]" started-at="2023-10-09T18:46:46 IST" name="SetUp" finished-at="2023-10-09T18:46:49 IST" duration-ms="2906" status="PASS">
          <reporter-output>
          </reporter-output>
        </test-method> <!-- SetUp -->
        <test-method signature="Invalidcredentail()[pri:5, instance:JobbyAppTestPage2.LoginPageTest2@7f010382]" started-at="2023-10-09T18:46:49 IST" name="Invalidcredentail" finished-at="2023-10-09T18:46:50 IST" duration-ms="1127" status="PASS">
          <reporter-output>
          </reporter-output>
        </test-method> <!-- Invalidcredentail -->
        <test-method is-config="true" signature="Closebrowser()[pri:0, instance:JobbyAppTestPage2.LoginPageTest2@7f010382]" started-at="2023-10-09T18:46:50 IST" name="Closebrowser" finished-at="2023-10-09T18:46:51 IST" duration-ms="323" status="PASS">
          <reporter-output>
          </reporter-output>
        </test-method> <!-- Closebrowser -->
        <test-method is-config="true" signature="SetUp()[pri:0, instance:JobbyAppTestPage2.LoginPageTest2@7f010382]" started-at="2023-10-09T18:46:51 IST" name="SetUp" finished-at="2023-10-09T18:46:54 IST" duration-ms="2776" status="PASS">
          <reporter-output>
          </reporter-output>
        </test-method> <!-- SetUp -->
        <test-method signature="SUCCESFULLY()[pri:6, instance:JobbyAppTestPage2.LoginPageTest2@7f010382]" started-at="2023-10-09T18:46:54 IST" name="SUCCESFULLY" finished-at="2023-10-09T18:46:55 IST" duration-ms="1001" status="PASS">
          <reporter-output>
          </reporter-output>
        </test-method> <!-- SUCCESFULLY -->
        <test-method is-config="true" signature="Closebrowser()[pri:0, instance:JobbyAppTestPage2.LoginPageTest2@7f010382]" started-at="2023-10-09T18:46:55 IST" name="Closebrowser" finished-at="2023-10-09T18:46:55 IST" duration-ms="570" status="PASS">
          <reporter-output>
          </reporter-output>
        </test-method> <!-- Closebrowser -->
      </class> <!-- JobbyAppTestPage2.LoginPageTest2 -->
      <class name="JobbyAppTestPage2.HomePageTest">
        <test-method is-config="true" signature="Setup()[pri:0, instance:JobbyAppTestPage2.HomePageTest@161479c6]" started-at="2023-10-09T18:46:14 IST" name="Setup" finished-at="2023-10-09T18:46:16 IST" duration-ms="2606" status="PASS">
          <reporter-output>
          </reporter-output>
        </test-method> <!-- Setup -->
        <test-method signature="HomeHeading()[pri:1, instance:JobbyAppTestPage2.HomePageTest@161479c6]" started-at="2023-10-09T18:46:16 IST" name="HomeHeading" finished-at="2023-10-09T18:46:18 IST" duration-ms="1264" status="PASS">
          <reporter-output>
          </reporter-output>
        </test-method> <!-- HomeHeading -->
        <test-method is-config="true" signature="CloseBrowser()[pri:0, instance:JobbyAppTestPage2.HomePageTest@161479c6]" started-at="2023-10-09T18:46:18 IST" name="CloseBrowser" finished-at="2023-10-09T18:46:18 IST" duration-ms="214" status="PASS">
          <reporter-output>
          </reporter-output>
        </test-method> <!-- CloseBrowser -->
        <test-method is-config="true" signature="Setup()[pri:0, instance:JobbyAppTestPage2.HomePageTest@161479c6]" started-at="2023-10-09T18:46:18 IST" name="Setup" finished-at="2023-10-09T18:46:20 IST" duration-ms="2326" status="PASS">
          <reporter-output>
          </reporter-output>
        </test-method> <!-- Setup -->
        <test-method signature="JobsbuttonFucationality()[pri:2, instance:JobbyAppTestPage2.HomePageTest@161479c6]" started-at="2023-10-09T18:46:20 IST" name="JobsbuttonFucationality" finished-at="2023-10-09T18:46:21 IST" duration-ms="1129" status="PASS">
          <reporter-output>
          </reporter-output>
        </test-method> <!-- JobsbuttonFucationality -->
        <test-method is-config="true" signature="CloseBrowser()[pri:0, instance:JobbyAppTestPage2.HomePageTest@161479c6]" started-at="2023-10-09T18:46:21 IST" name="CloseBrowser" finished-at="2023-10-09T18:46:22 IST" duration-ms="400" status="PASS">
          <reporter-output>
          </reporter-output>
        </test-method> <!-- CloseBrowser -->
      </class> <!-- JobbyAppTestPage2.HomePageTest -->
    </test> <!-- LoginPageandHomepage -->
  </suite> <!-- PageObjectModelcodingpractice21TestSuite -->
</testng-results>
